0 info it worked if it ends with ok
1 verbose cli [ 'C:\\Program Files\\nodejs\\node.exe',
1 verbose cli   'C:\\Program Files\\nodejs\\node_modules\\npm\\bin\\npm-cli.js',
1 verbose cli   'run',
1 verbose cli   'dev-server' ]
2 info using npm@3.3.12
3 info using node@v5.5.0
4 verbose run-script [ 'predev-server', 'dev-server', 'postdev-server' ]
5 info lifecycle wvision-bundle@2.0.0-alpha.1~predev-server: wvision-bundle@2.0.0-alpha.1
6 silly lifecycle wvision-bundle@2.0.0-alpha.1~predev-server: no script for predev-server, continuing
7 info lifecycle wvision-bundle@2.0.0-alpha.1~dev-server: wvision-bundle@2.0.0-alpha.1
8 verbose lifecycle wvision-bundle@2.0.0-alpha.1~dev-server: unsafe-perm in lifecycle true
9 verbose lifecycle wvision-bundle@2.0.0-alpha.1~dev-server: PATH: C:\Program Files\nodejs\node_modules\npm\bin\node-gyp-bin;D:\Daten Manuel\Eigene Webs\0000 GitHub\sandbox_mk\node_modules\.bin;C:\Program Files\Docker\Docker\Resources\bin;C:\Program Files (x86)\Common Files\Intel\Shared Libraries\redist\intel64\compiler;C:\WINDOWS\system32;C:\WINDOWS;C:\WINDOWS\System32\Wbem;C:\WINDOWS\System32\WindowsPowerShell\v1.0\;C:\Program Files\nodejs\;C:\Program Files (x86)\Skype\Phone\;C:\Program Files (x86)\QuickTime\QTSystem\;C:\Program Files (x86)\NVIDIA Corporation\PhysX\Common;C:\WINDOWS\system32;C:\WINDOWS;C:\WINDOWS\System32\Wbem;C:\WINDOWS\System32\WindowsPowerShell\v1.0\;C:\WINDOWS\system32\config\systemprofile\.dnx\bin;C:\Program Files\Microsoft DNX\Dnvm\;C:\Program Files\Microsoft SQL Server\120\Tools\Binn\;C:\Program Files\Microsoft SQL Server\130\Tools\Binn\;C:\Program Files (x86)\Microsoft Emulator Manager\1.0\;C:\Program Files\Git\cmd;C:\Program Files (x86)\Windows Kits\10\Windows Performance Toolkit\;C:\Program Files (x86)\Microsoft SQL Server\110\Tools\Binn\;C:\Program Files (x86)\Microsoft SQL Server\110\DTS\Binn\;C:\Program Files (x86)\Windows Kits\10\Microsoft Application Virtualization\Sequencer\;C:\MAMP\bin\php\php7.0.13;C:\ProgramData\ComposerSetup\bin;C:\Users\Manuel\AppData\Roaming\npm;C:\Users\Manuel\AppData\Local\Microsoft\WindowsApps;C:\Users\Manuel\AppData\Local\atom\bin;C:\Users\Manuel\AppData\Roaming\Composer\vendor\bin
10 verbose lifecycle wvision-bundle@2.0.0-alpha.1~dev-server: CWD: D:\Daten Manuel\Eigene Webs\0000 GitHub\sandbox_mk
11 silly lifecycle wvision-bundle@2.0.0-alpha.1~dev-server: Args: [ '/d /s /c', 'encore dev-server --hot' ]
12 silly lifecycle wvision-bundle@2.0.0-alpha.1~dev-server: Returned: code: 1  signal: null
13 info lifecycle wvision-bundle@2.0.0-alpha.1~dev-server: Failed to exec dev-server script
14 verbose stack Error: wvision-bundle@2.0.0-alpha.1 dev-server: `encore dev-server --hot`
14 verbose stack Exit status 1
14 verbose stack     at EventEmitter.<anonymous> (C:\Program Files\nodejs\node_modules\npm\lib\utils\lifecycle.js:232:16)
14 verbose stack     at emitTwo (events.js:100:13)
14 verbose stack     at EventEmitter.emit (events.js:185:7)
14 verbose stack     at ChildProcess.<anonymous> (C:\Program Files\nodejs\node_modules\npm\lib\utils\spawn.js:24:14)
14 verbose stack     at emitTwo (events.js:100:13)
14 verbose stack     at ChildProcess.emit (events.js:185:7)
14 verbose stack     at maybeClose (internal/child_process.js:821:16)
14 verbose stack     at Process.ChildProcess._handle.onexit (internal/child_process.js:211:5)
15 verbose pkgid wvision-bundle@2.0.0-alpha.1
16 verbose cwd D:\Daten Manuel\Eigene Webs\0000 GitHub\sandbox_mk
17 error Windows_NT 10.0.15063
18 error argv "C:\\Program Files\\nodejs\\node.exe" "C:\\Program Files\\nodejs\\node_modules\\npm\\bin\\npm-cli.js" "run" "dev-server"
19 error node v5.5.0
20 error npm  v3.3.12
21 error code ELIFECYCLE
22 error wvision-bundle@2.0.0-alpha.1 dev-server: `encore dev-server --hot`
22 error Exit status 1
23 error Failed at the wvision-bundle@2.0.0-alpha.1 dev-server script 'encore dev-server --hot'.
23 error Make sure you have the latest version of node.js and npm installed.
23 error If you do, this is most likely a problem with the wvision-bundle package,
23 error not with npm itself.
23 error Tell the author that this fails on your system:
23 error     encore dev-server --hot
23 error You can get their info via:
23 error     npm owner ls wvision-bundle
23 error There is likely additional logging output above.
24 verbose exit [ 1, true ]
